#
# A fatal error has been detected by the Java Runtime Environment:
#
#  EXCEPTION_ACCESS_VIOLATION (0xc0000005) at pc=0x02b48313, pid=4724, tid=848
#
# JRE version: 6.0_17-b04
# Java VM: Java HotSpot(TM) Client VM (14.3-b01 mixed mode windows-x86 )
# Problematic frame:
# C  [m_dispatcher.dll+0x8313]
#
# If you would like to submit a bug report, please visit:
#   http://java.sun.com/webapps/bugreport/crash.jsp
# The crash happened outside the Java Virtual Machine in native code.
# See problematic frame for where to report the bug.
#

---------------  T H R E A D  ---------------

Current thread (0x08c2f800):  JavaThread "main" [_thread_in_native, id=848, stack(0x00340000,0x00b40000)]

siginfo: ExceptionCode=0xc0000005, reading address 0x0000001f

Registers:
EAX=0x00000003, EBX=0x00000001, ECX=0x07961c28, EDX=0x24f28c00
ESP=0x00b3e798, EBP=0x00b3e7ac, ESI=0x07961c28, EDI=0x00000000
EIP=0x02b48313, EFLAGS=0x00010206

Top of Stack: (sp=0x00b3e798)
0x00b3e798:   726210c9 00000001 00000000 00000001
0x00b3e7a8:   ffffffff 00b3e818 72621173 00b3eacc
0x00b3e7b8:   00000001 245fb930 00b3e804 0796fb48
0x00b3e7c8:   0796fb48 00000000 00000000 08c2f800
0x00b3e7d8:   74c1cfe2 08c2f800 0a807b98 00b3e9c4
0x00b3e7e8:   08c2f800 22c7f580 1a022080 1a027440
0x00b3e7f8:   00b3f220 10019e15 00b3f258 00000000
0x00b3e808:   00b3e7c4 00b3e94c 7266f442 ffffffff 

Instructions: (pc=0x02b48313)
0x02b48303:   02 00 00 00 75 24 8b 81 98 02 00 00 85 c0 74 17
0x02b48313:   8b 48 1c 80 79 68 00 74 07 85 c0 74 0a 8b c1 c3 


Stack: [0x00340000,0x00b40000],  sp=0x00b3e798,  free space=8185k
Native frames: (J=compiled Java code, j=interpreted, Vv=VM code, C=native code)
C  [m_dispatcher.dll+0x8313]
C  [m_interpreter.dll+0xb1173]
C  [m_interpreter.dll+0xb1235]
C  [m_interpreter.dll+0xb12e3]
C  [m_interpreter.dll+0x373289]
C  [iqm.dll+0x9f095]
C  [iqm.dll+0xa091a]
C  0x06ef4d9e
C  0x06f1ebfd
C  [iqm.dll+0x68655]
C  [iqm.dll+0x5f034]
C  [iqm.dll+0x1ed99]
C  [iqm.dll+0x5156a]
C  0x06f168b0
C  0x06f16c13
C  0x06f17800
C  0x06f179f5
C  0x06f17aa3
j  com.mathworks.jmi.NativeMatlab.SendMatlabMessage(Ljava/lang/Object;)Ljava/lang/Object;+0
j  com.mathworks.jmi.NativeMatlab.sendMatlabMessage(Ljava/lang/Object;)Ljava/lang/Object;+22
j  com.mathworks.jmi.MatlabLooper.sendMatlabMessage(Lcom/mathworks/services/message/MWMessage;)Ljava/lang/Object;+20
j  com.mathworks.jmi.Matlab.mtFevalConsoleOutput(Ljava/lang/String;[Ljava/lang/Object;I)Ljava/lang/Object;+58
j  com.mathworks.mde.desk.MLDesktop$8.run()V+14
j  com.mathworks.jmi.NativeMatlab.dispatchMTRequests(Z)V+57
v  ~StubRoutines::call_stub
C  0x74c1cf9c
C  0x74ca41d1
C  0x74c1d01d
C  0x74c25be5
C  0x74c2d932
C  [jmi.dll+0x22492]
C  [jmi.dll+0x282e3]
C  [jmi.dll+0x28346]
C  [jmi.dll+0x4e21e]
C  [jmi.dll+0x18d41]
C  [uiw.dll+0x4c709]
C  [uiw.dll+0x4ccd6]
C  [USER32.dll+0x28336]
C  [USER32.dll+0x180a9]
C  [USER32.dll+0x18ba1]
C  [ntdll.dll+0x1010a]
C  [USER32.dll+0x260dc]
C  [uiw.dll+0x2dfdd]
C  [uiw.dll+0x4dd0f]
C  [libmwservices.dll+0xa4277]
C  [libmwservices.dll+0xa4c8c]
C  [libmwservices.dll+0xa5d46]
C  [libmwservices.dll+0xa70b8]
C  [libmwservices.dll+0xa7258]
C  [libmwservices.dll+0xa72ca]
C  [libmwservices.dll+0xa7322]
C  [mcr.dll+0x14853]
C  [mcr.dll+0x14ae2]
C  [mcr.dll+0x9e2f]
C  [mcr.dll+0xcb26]
C  [MATLAB.exe+0x7632]
C  [MATLAB.exe+0x772f]
C  [MATLAB.exe+0x7938]
C  [MATLAB.exe+0x7dcd]
C  [kernel32.dll+0x133aa]
C  [ntdll.dll+0x39ef2]
C  [ntdll.dll+0x39ec5]

Java frames: (J=compiled Java code, j=interpreted, Vv=VM code)
j  com.mathworks.jmi.NativeMatlab.SendMatlabMessage(Ljava/lang/Object;)Ljava/lang/Object;+0
j  com.mathworks.jmi.NativeMatlab.sendMatlabMessage(Ljava/lang/Object;)Ljava/lang/Object;+22
j  com.mathworks.jmi.MatlabLooper.sendMatlabMessage(Lcom/mathworks/services/message/MWMessage;)Ljava/lang/Object;+20
j  com.mathworks.jmi.Matlab.mtFevalConsoleOutput(Ljava/lang/String;[Ljava/lang/Object;I)Ljava/lang/Object;+58
j  com.mathworks.mde.desk.MLDesktop$8.run()V+14
j  com.mathworks.jmi.NativeMatlab.dispatchMTRequests(Z)V+57
v  ~StubRoutines::call_stub

---------------  P R O C E S S  ---------------

Java Threads: ( => current thread )
  0x23547800 JavaThread "Swing-Shell" daemon [_thread_blocked, id=5484, stack(0x2f230000,0x2f2b0000)]
  0x23545c00 JavaThread "com.jniwrapper.NativeResourceCollector" daemon [_thread_blocked, id=6076, stack(0x20bb0000,0x20c30000)]
  0x23546800 JavaThread "XpcMessageLoop" daemon [_thread_in_native, id=4364, stack(0x08d30000,0x08db0000)]
  0x23546c00 JavaThread "pool-1-thread-1" [_thread_blocked, id=2868, stack(0x090c0000,0x09140000)]
  0x22e85800 JavaThread "Code Analyzer updating thread" [_thread_blocked, id=4080, stack(0x08e90000,0x08f10000)]
  0x23546000 JavaThread "Prefs Updater" daemon [_thread_blocked, id=2116, stack(0x0d2d0000,0x0d350000)]
  0x23545400 JavaThread "Code Analyzer updating thread" [_thread_blocked, id=3272, stack(0x292c0000,0x29340000)]
  0x22e87000 JavaThread "Code Analyzer updating thread" [_thread_blocked, id=4116, stack(0x291e0000,0x29260000)]
  0x22e86800 JavaThread "Code Analyzer updating thread" [_thread_blocked, id=2236, stack(0x28e50000,0x28ed0000)]
  0x22e86400 JavaThread "Code Analyzer updating thread" [_thread_blocked, id=3264, stack(0x29050000,0x290d0000)]
  0x22e85c00 JavaThread "Code Analyzer updating thread" [_thread_blocked, id=1904, stack(0x28f70000,0x28ff0000)]
  0x22e85000 JavaThread "Code Analyzer updating thread" [_thread_blocked, id=3340, stack(0x28d10000,0x28d90000)]
  0x22e84400 JavaThread "Active Reference Queue Daemon" daemon [_thread_blocked, id=4112, stack(0x28c10000,0x28c90000)]
  0x22e84000 JavaThread "Timer-4" daemon [_thread_blocked, id=4128, stack(0x28010000,0x28090000)]
  0x22e83800 JavaThread "Timer-3" daemon [_thread_blocked, id=1320, stack(0x28ac0000,0x28b40000)]
  0x22e82800 JavaThread "Explorer NavigationContext request queue" [_thread_blocked, id=1936, stack(0x289b0000,0x28a30000)]
  0x22e81c00 JavaThread "AddressBar directory emptiness poller" [_thread_blocked, id=4628, stack(0x280b0000,0x28130000)]
  0x22e81400 JavaThread "Explorer Refresh Service 33397577" [_thread_blocked, id=5092, stack(0x27e80000,0x27f00000)]
  0x22e80800 JavaThread "Timer-1" daemon [_thread_blocked, id=948, stack(0x20010000,0x20090000)]
  0x22e80400 JavaThread "TimerQueue" daemon [_thread_blocked, id=3284, stack(0x0a950000,0x0a9d0000)]
  0x22e7fc00 JavaThread "Thread-5" daemon [_thread_blocked, id=4728, stack(0x09ca0000,0x09d20000)]
  0x22e7f800 JavaThread "FelixPackageAdmin" daemon [_thread_blocked, id=3620, stack(0x0f020000,0x0f0a0000)]
  0x227cb400 JavaThread "FelixStartLevel" daemon [_thread_blocked, id=2508, stack(0x0e520000,0x0e5a0000)]
  0x22d32000 JavaThread "FelixDispatchQueue" daemon [_thread_blocked, id=3468, stack(0x09a80000,0x09b00000)]
  0x22d85800 JavaThread "AWT-EventQueue-0" [_thread_blocked, id=3640, stack(0x09b00000,0x09b80000)]
  0x22d8a000 JavaThread "AWT-Shutdown" [_thread_blocked, id=3412, stack(0x09780000,0x09800000)]
  0x22d62000 JavaThread "com.google.common.base.internal.Finalizer" daemon [_thread_blocked, id=708, stack(0x09930000,0x099b0000)]
  0x22c7e000 JavaThread "AWT-Windows" daemon [_thread_in_native, id=4340, stack(0x07410000,0x07490000)]
  0x22c7d400 JavaThread "Java2D Disposer" daemon [_thread_blocked, id=4836, stack(0x071b0000,0x07230000)]
  0x227ca800 JavaThread "Timer-0" [_thread_blocked, id=4508, stack(0x070b0000,0x07130000)]
  0x2285e000 JavaThread "EventMgr Dispatcher" daemon [_thread_in_native, id=1464, stack(0x07a70000,0x08270000)]
  0x0a8ca800 JavaThread "Low Memory Detector" daemon [_thread_blocked, id=2716, stack(0x0c550000,0x0c5d0000)]
  0x0edf8400 JavaThread "CompilerThread0" daemon [_thread_blocked, id=1544, stack(0x0f0a0000,0x0f8a0000)]
  0x0a89f400 JavaThread "Attach Listener" daemon [_thread_blocked, id=1628, stack(0x0ce50000,0x0ced0000)]
  0x0a88b800 JavaThread "Finalizer" daemon [_thread_blocked, id=2688, stack(0x09f50000,0x09fd0000)]
  0x0a88a400 JavaThread "Reference Handler" daemon [_thread_blocked, id=3220, stack(0x0b290000,0x0b310000)]
=>0x08c2f800 JavaThread "main" [_thread_in_native, id=848, stack(0x00340000,0x00b40000)]

Other Threads:
  0x0a886c00 VMThread [stack: 0x0e5f0000,0x0edf0000] [id=2872]
  0x0a8cb800 WatcherThread [stack: 0x200f0000,0x208f0000] [id=464]

VM state:not at safepoint (normal execution)

VM Mutex/Monitor currently owned by a thread: None

Heap
 def new generation   total 23744K, used 7121K [0x12010000, 0x139d0000, 0x14010000)
  eden space 21120K,  29% used [0x12010000, 0x12627940, 0x134b0000)
  from space 2624K,  33% used [0x134b0000, 0x1358cbf8, 0x13740000)
  to   space 2624K,   0% used [0x13740000, 0x13740000, 0x139d0000)
 tenured generation   total 78848K, used 53217K [0x14010000, 0x18d10000, 0x1a010000)
   the space 78848K,  67% used [0x14010000, 0x17408788, 0x17408800, 0x18d10000)
 compacting perm gen  total 48128K, used 48034K [0x1a010000, 0x1cf10000, 0x20010000)
   the space 48128K,  99% used [0x1a010000, 0x1cef8800, 0x1cef8800, 0x1cf10000)
No shared spaces configured.

Dynamic libraries:
0x00da0000 - 0x00dc7000 	C:\Program Files (x86)\MATLAB\R2012b\bin\win32\MATLAB.exe
0x77a00000 - 0x77b80000 	C:\Windows\SysWOW64\ntdll.dll
0x75670000 - 0x75780000 	C:\Windows\syswow64\kernel32.dll
0x75310000 - 0x75357000 	C:\Windows\syswow64\KERNELBASE.dll
0x7ef10000 - 0x7ef9c000 	C:\Program Files (x86)\MATLAB\R2012b\bin\win32\libut.dll
0x7dce0000 - 0x7dd5a000 	C:\Program Files (x86)\MATLAB\R2012b\bin\win32\libmwi18n.dll
0x10000000 - 0x10009000 	C:\Program Files (x86)\MATLAB\R2012b\bin\win32\libmwresource_core.dll
0x70c10000 - 0x70c9e000 	C:\Windows\WinSxS\x86_microsoft.vc90.crt_1fc8b3b9a1e18e3b_9.0.30729.6161_none_50934f2ebcb7eb57\MSVCP90.dll
0x74170000 - 0x74213000 	C:\Windows\WinSxS\x86_microsoft.vc90.crt_1fc8b3b9a1e18e3b_9.0.30729.6161_none_50934f2ebcb7eb57\MSVCR90.dll
0x736b0000 - 0x736d3000 	C:\Program Files (x86)\MATLAB\R2012b\bin\win32\boost_filesystem-vc90-mt-1_44.dll
0x73f70000 - 0x73f77000 	C:\Program Files (x86)\MATLAB\R2012b\bin\win32\boost_system-vc90-mt-1_44.dll
0x76cb0000 - 0x76d50000 	C:\Windows\syswow64\ADVAPI32.dll
0x76920000 - 0x769cc000 	C:\Windows\syswow64\msvcrt.dll
0x76d50000 - 0x76d69000 	C:\Windows\SysWOW64\sechost.dll
0x769d0000 - 0x76ac0000 	C:\Windows\syswow64\RPCRT4.dll
0x750e0000 - 0x75140000 	C:\Windows\syswow64\SspiCli.dll
0x750d0000 - 0x750dc000 	C:\Windows\syswow64\CRYPTBASE.dll
0x73550000 - 0x7356f000 	C:\Program Files (x86)\MATLAB\R2012b\bin\win32\LIBEXPAT.dll
0x72eb0000 - 0x73035000 	C:\Program Files (x86)\MATLAB\R2012b\bin\win32\icuin44.dll
0x7ea10000 - 0x7eb2f000 	C:\Program Files (x86)\MATLAB\R2012b\bin\win32\icuuc44.dll
0x00dd0000 - 0x01c11000 	C:\Program Files (x86)\MATLAB\R2012b\bin\win32\icudt44.dll
0x00b40000 - 0x00c60000 	C:\Program Files (x86)\MATLAB\R2012b\bin\win32\libmwfl.dll
0x01c20000 - 0x01f28000 	C:\Program Files (x86)\MATLAB\R2012b\bin\win32\libmwMATLAB_res.dll
0x73d00000 - 0x73d0e000 	C:\Program Files (x86)\MATLAB\R2012b\bin\win32\boost_date_time-vc90-mt-1_44.dll
0x73c80000 - 0x73c8f000 	C:\Program Files (x86)\MATLAB\R2012b\bin\win32\boost_signals-vc90-mt-1_44.dll
0x73d10000 - 0x73d1e000 	C:\Program Files (x86)\MATLAB\R2012b\bin\win32\boost_thread-vc90-mt-1_44.dll
0x00c80000 - 0x00d0c000 	C:\Program Files (x86)\MATLAB\R2012b\bin\win32\boost_log-vc90-mt-1_44.dll
0x75300000 - 0x75305000 	C:\Windows\syswow64\PSAPI.DLL
0x76da0000 - 0x76dd5000 	C:\Windows\syswow64\WS2_32.dll
0x779d0000 - 0x779d6000 	C:\Windows\syswow64\NSI.dll
0x00d20000 - 0x00d53000 	C:\Program Files (x86)\MATLAB\R2012b\bin\win32\tbb.dll
0x76f70000 - 0x76f9a000 	C:\Windows\syswow64\imagehlp.dll
0x73db0000 - 0x73dbf000 	C:\Program Files (x86)\MATLAB\R2012b\bin\win32\icuio44.dll
0x72ac0000 - 0x72bab000 	C:\Windows\system32\dbghelp.dll
0x76e70000 - 0x76f70000 	C:\Windows\syswow64\USER32.dll
0x75530000 - 0x755c0000 	C:\Windows\syswow64\GDI32.dll
0x75810000 - 0x7581a000 	C:\Windows\syswow64\LPK.dll
0x76640000 - 0x766dd000 	C:\Windows\syswow64\USP10.dll
0x01f30000 - 0x02150000 	C:\Program Files (x86)\MATLAB\R2012b\bin\win32\libmwservices.dll
0x7db50000 - 0x7dbe7000 	C:\Program Files (x86)\MATLAB\R2012b\bin\win32\libmx.dll
0x02150000 - 0x0216d000 	C:\Program Files (x86)\MATLAB\R2012b\bin\win32\tbbmalloc.dll
0x73730000 - 0x73744000 	C:\Program Files (x86)\MATLAB\R2012b\bin\win32\zlib1.dll
0x02190000 - 0x021c5000 	C:\Program Files (x86)\MATLAB\R2012b\bin\win32\libmwregexp.dll
0x021e0000 - 0x021fa000 	C:\Program Files (x86)\MATLAB\R2012b\bin\win32\libmwmfl_scalar.dll
0x7df40000 - 0x7df79000 	C:\Program Files (x86)\MATLAB\R2012b\bin\win32\mpath.dll
0x02220000 - 0x02630000 	C:\Program Files (x86)\MATLAB\R2012b\bin\win32\mlutil.dll
0x7d670000 - 0x7d6ce000 	C:\Program Files (x86)\MATLAB\R2012b\bin\win32\xmlcore.dll
0x71cf0000 - 0x71ea2000 	C:\Program Files (x86)\MATLAB\R2012b\bin\win32\xerces-c_2_7.dll
0x02660000 - 0x0267b000 	C:\Program Files (x86)\MATLAB\R2012b\bin\win32\libmwMATLAB_settings_res.dll
0x02690000 - 0x0269d000 	C:\Program Files (x86)\MATLAB\R2012b\bin\win32\boost_iostreams-vc90-mt-1_44.dll
0x026b0000 - 0x026e9000 	C:\Program Files (x86)\MATLAB\R2012b\bin\win32\boost_serialization-vc90-mt-1_44.dll
0x75830000 - 0x7647a000 	C:\Windows\syswow64\SHELL32.dll
0x755c0000 - 0x75617000 	C:\Windows\syswow64\SHLWAPI.dll
0x02700000 - 0x02784000 	C:\Windows\WinSxS\x86_microsoft.windows.common-controls_6595b64144ccf1df_5.82.7601.17514_none_ec83dffa859149af\COMCTL32.dll
0x75280000 - 0x752fb000 	C:\Windows\syswow64\COMDLG32.dll
0x73060000 - 0x73071000 	C:\Windows\system32\NETAPI32.dll
0x732f0000 - 0x732f9000 	C:\Windows\system32\netutils.dll
0x73040000 - 0x73059000 	C:\Windows\system32\srvcli.dll
0x730f0000 - 0x730ff000 	C:\Windows\system32\wkscli.dll
0x76b50000 - 0x76cac000 	C:\Windows\syswow64\ole32.dll
0x75780000 - 0x7580f000 	C:\Windows\syswow64\OLEAUT32.dll
0x02790000 - 0x02817000 	C:\Program Files (x86)\MATLAB\R2012b\bin\win32\mcr.dll
0x02830000 - 0x02b30000 	C:\Program Files (x86)\MATLAB\R2012b\bin\win32\iqm.dll
0x02b40000 - 0x02bbf000 	C:\Program Files (x86)\MATLAB\R2012b\bin\win32\m_dispatcher.dll
0x02bd0000 - 0x02c8c000 	C:\Program Files (x86)\MATLAB\R2012b\bin\win32\boost_regex-vc90-mt-1_44.dll
0x72570000 - 0x72ab1000 	C:\Program Files (x86)\MATLAB\R2012b\bin\win32\m_interpreter.dll
0x72df0000 - 0x72e0c000 	C:\Program Files (x86)\MATLAB\R2012b\bin\win32\libmex.dll
0x72510000 - 0x7256c000 	C:\Program Files (x86)\MATLAB\R2012b\bin\win32\profiler.dll
0x02cd0000 - 0x02efc000 	C:\Program Files (x86)\MATLAB\R2012b\bin\win32\libmwmathutil.dll
0x734f0000 - 0x73513000 	C:\Program Files (x86)\MATLAB\R2012b\bin\win32\libmwmathrng.dll
0x02f20000 - 0x02f2f000 	C:\Program Files (x86)\MATLAB\R2012b\bin\win32\libmwmfl_rng.dll
0x7c390000 - 0x7c428000 	C:\Program Files (x86)\MATLAB\R2012b\bin\win32\libmwmathcore.dll
0x7e000000 - 0x7e04b000 	C:\Program Files (x86)\MATLAB\R2012b\bin\win32\libmwspmatrix.dll
0x7dbf0000 - 0x7dc3b000 	C:\Program Files (x86)\MATLAB\R2012b\bin\win32\libmwcholmod.dll
0x73e70000 - 0x73e7a000 	C:\Program Files (x86)\MATLAB\R2012b\bin\win32\libmwamd.dll
0x73e80000 - 0x73e8a000 	C:\Program Files (x86)\MATLAB\R2012b\bin\win32\libmwcolamd.dll
0x73dd0000 - 0x73de1000 	C:\Program Files (x86)\MATLAB\R2012b\bin\win32\libmwblas.dll
0x73d30000 - 0x73d3d000 	C:\Program Files (x86)\MATLAB\R2012b\bin\win32\libmwbinder.dll
0x73ea0000 - 0x73eaa000 	C:\Program Files (x86)\MATLAB\R2012b\bin\win32\libmwompwrapper.dll
0x02fc0000 - 0x02ff9000 	C:\Program Files (x86)\MATLAB\R2012b\bin\win32\libmwlapack.dll
0x72d90000 - 0x72da5000 	C:\Program Files (x86)\MATLAB\R2012b\bin\win32\m_pcodeio.dll
0x7e080000 - 0x7e0ca000 	C:\Program Files (x86)\MATLAB\R2012b\bin\win32\m_ir.dll
0x03030000 - 0x03580000 	C:\Program Files (x86)\MATLAB\R2012b\bin\win32\m_parser.dll
0x724f0000 - 0x72502000 	C:\Program Files (x86)\MATLAB\R2012b\bin\win32\ir_xfmr.dll
0x035a0000 - 0x0374a000 	C:\Program Files (x86)\MATLAB\R2012b\bin\win32\mcos.dll
0x74280000 - 0x7428e000 	C:\Program Files (x86)\MATLAB\R2012b\bin\win32\mtok.dll
0x724c0000 - 0x724e4000 	C:\Program Files (x86)\MATLAB\R2012b\bin\win32\m_pcodegen.dll
0x7e1c0000 - 0x7e1e9000 	C:\Program Files (x86)\MATLAB\R2012b\bin\win32\libmwbridge.dll
0x72420000 - 0x724b3000 	C:\Program Files (x86)\MATLAB\R2012b\bin\win32\udd.dll
0x037a0000 - 0x038ae000 	C:\Program Files (x86)\MATLAB\R2012b\bin\win32\libmwgui.dll
0x72400000 - 0x72412000 	C:\Program Files (x86)\MATLAB\R2012b\bin\win32\graphics_util.dll
0x038d0000 - 0x03f96000 	C:\Program Files (x86)\MATLAB\R2012b\bin\win32\hg.dll
0x03fb0000 - 0x03ff4000 	C:\Program Files (x86)\MATLAB\R2012b\bin\win32\libmat.dll
0x04010000 - 0x041f5000 	C:\Program Files (x86)\MATLAB\R2012b\bin\win32\hdf5dll.dll
0x7d9d0000 - 0x7da66000 	C:\Program Files (x86)\MATLAB\R2012b\bin\win32\jmi.dll
0x04220000 - 0x0422b000 	C:\Program Files (x86)\MATLAB\R2012b\bin\win32\nativejava_services.dll
0x723c0000 - 0x723f4000 	C:\Program Files (x86)\MATLAB\R2012b\bin\win32\libmwhardcopy.dll
0x71ba0000 - 0x71be4000 	C:\Program Files (x86)\MATLAB\R2012b\bin\win32\libuij.dll
0x04260000 - 0x04413000 	C:\Program Files (x86)\MATLAB\R2012b\bin\win32\hgdatatypes.dll
0x04430000 - 0x044f1000 	C:\Program Files (x86)\MATLAB\R2012b\bin\win32\hgutils.dll
0x709e0000 - 0x70a68000 	C:\Program Files (x86)\MATLAB\R2012b\bin\win32\udd_mi.dll
0x04520000 - 0x04550000 	C:\Program Files (x86)\MATLAB\R2012b\bin\win32\libmwgbtutils.dll
0x04560000 - 0x04573000 	C:\Program Files (x86)\MATLAB\R2012b\bin\win32\libmwgbt.dll
0x04590000 - 0x0482b000 	C:\Program Files (x86)\MATLAB\R2012b\bin\win32\uiw.dll
0x74250000 - 0x7425d000 	C:\Program Files (x86)\MATLAB\R2012b\bin\win32\uinone.dll
0x04850000 - 0x0486f000 	C:\Program Files (x86)\MATLAB\R2012b\bin\win32\libmwnativefiledialogs.dll
0x04880000 - 0x04887000 	C:\Program Files (x86)\MATLAB\R2012b\bin\win32\libmwplatform_res.dll
0x71a10000 - 0x71a22000 	C:\Windows\system32\MPR.dll
0x048a0000 - 0x04c3d000 	C:\Windows\WinSxS\x86_microsoft.vc90.mfc_1fc8b3b9a1e18e3b_9.0.30729.6161_none_4bf7e3e2bf9ada4c\mfc90.dll
0x70b30000 - 0x70b35000 	C:\Windows\system32\MSIMG32.dll
0x74f50000 - 0x74fa1000 	C:\Windows\system32\WINSPOOL.DRV
0x723a0000 - 0x723b9000 	C:\Program Files (x86)\MATLAB\R2012b\bin\win32\mwoles05.DLL
0x04c50000 - 0x04ca5000 	C:\Program Files (x86)\MATLAB\R2012b\bin\win32\comcli.dll
0x71b60000 - 0x71b8b000 	C:\Windows\WinSxS\x86_microsoft.vc90.atl_1fc8b3b9a1e18e3b_9.0.30729.6161_none_51cd0a7abbe4e19b\ATL90.DLL
0x72de0000 - 0x72de9000 	C:\Program Files (x86)\MATLAB\R2012b\bin\win32\mlautoregister.dll
0x75140000 - 0x751a0000 	C:\Windows\system32\IMM32.DLL
0x751b0000 - 0x7527c000 	C:\Windows\syswow64\MSCTF.dll
0x70b60000 - 0x70be0000 	C:\Windows\system32\UxTheme.dll
0x70b40000 - 0x70b53000 	C:\Windows\system32\dwmapi.dll
0x72d80000 - 0x72d8d000 	C:\Windows\WinSxS\x86_microsoft.vc90.mfcloc_1fc8b3b9a1e18e3b_9.0.30729.6161_none_49768ef57548175e\MFC90ENU.DLL
0x73fd0000 - 0x73fdb000 	C:\Windows\system32\profapi.dll
0x04f10000 - 0x04f1b000 	C:\Program Files (x86)\MATLAB\R2012b\bin\win32\xmlxrcsc.dll
0x73140000 - 0x732de000 	C:\Windows\WinSxS\x86_microsoft.windows.common-controls_6595b64144ccf1df_6.0.7601.17514_none_41e6975e2bd6f2b2\comctl32.dll
0x76fa0000 - 0x7713d000 	C:\Windows\syswow64\SETUPAPI.dll
0x76b20000 - 0x76b47000 	C:\Windows\syswow64\CFGMGR32.dll
0x75510000 - 0x75522000 	C:\Windows\syswow64\DEVOBJ.dll
0x76de0000 - 0x76e63000 	C:\Windows\syswow64\CLBCatQ.DLL
0x73360000 - 0x73455000 	C:\Windows\system32\propsys.dll

VM Arguments:
jvm_args: -Xss512k -XX:PermSize=32m -Xms64m -XX:NewRatio=3 -XX:MaxPermSize=96m -Xmx128m -XX:MaxDirectMemorySize=1200000000 -Dsun.java2d.noddraw=true -Dsun.awt.nopixfmt=true -Xshare:off -Xrs -Dsun.awt.disableMixing=true -Djava.library.path=C:\Program Files (x86)\MATLAB\R2012b\bin\win32;C:\Program Files (x86)\MATLAB\R2012b\sys\jxbrowser\win32\lib vfprintf abort 
java_command: <unknown>
Launcher Type: generic

Environment Variables:
CLASSPATH=C:\Program Files (x86)\Oracle\Berkeley DB 11gR2 5.0.21\jar\db.jar;C:\Program Files (x86)\Oracle\Berkeley DB 11gR2 5.0.21\jar\jdbc.jar
PATH=C:\Program Files (x86)\MATLAB\R2012b\bin\win32;C:\Program Files (x86)\Chez Scheme Version 8.4\bin\i3nt;C:\Program Files (x86)\MiKTeX 2.9\miktex\bin;C:\OCaml\emacs-23.3\bin;C:\Tcl\bin;C:\OCaml\bin;C:\Program Files\Common Files\Microsoft Shared\Windows Live;C:\Perl64\site\bin;C:\Perl64\bin;C:\Program Files (x86)\MiKTeX 2.8\miktex\bin;C:\Windows\system32;C:\Windows;C:\Windows\System32\Wbem;C:\Windows\System32\WindowsPowerShell\v1.0\;c:\Program Files (x86)\Microsoft SQL Server\90\Tools\binn\;C:\Program Files (x86)\doxygen\bin;C:\Program Files (x86)\Oracle\Berkeley DB 11gR2 5.0.21\bin;C:\Program Files (x86)\Microchip\MPLAB C32 Suite\bin;C:\Program Files (x86)\Microchip\MPLAB IDE\VDI;C:\Program Files (x86)\SMLNJ\bin\;C:\Program Files (x86)\MATLAB\R2012b\runtime\win32;C:\Program Files (x86)\MATLAB\R2012b\bin;C:\Program Files\MATLAB\R2012a\runtime\win64;C:\Program Files\MATLAB\R2012a\bin;C:\Program Files\Intel\DMIX;C:\Program Files (x86)\Java\jdk1.7.0_05;C:\Program Files (x86)\scala\\bin;C:\Program Files\TortoiseSVN\bin;C:\Program Files\Microsoft SDKs\Windows\v7.0\bin;C:\Program Files (x86)\Microsoft Visual Studio 10.0\VC\bin;C:\Program Files (x86)\ipe\bin
USERNAME=admin
OS=Windows_NT
PROCESSOR_IDENTIFIER=Intel64 Family 6 Model 42 Stepping 7, GenuineIntel



---------------  S Y S T E M  ---------------

OS: Windows 7 Build 7601 Service Pack 1

CPU:total 8 (8 cores per cpu, 2 threads per core) family 6 model 42 stepping 7, cmov, cx8, fxsr, mmx, sse, sse2, sse3, ssse3, sse4.1, sse4.2, ht

Memory: 4k page, physical 4194303k(4194303k free), swap 4194303k(4194303k free)

vm_info: Java HotSpot(TM) Client VM (14.3-b01) for windows-x86 JRE (1.6.0_17-b04), built on Oct 11 2009 00:52:06 by "java_re" with MS VC++ 7.1

time: Tue Jun 04 12:25:11 2013
elapsed time: 1906 seconds

